<?xml version="1.0" encoding="UTF-8"?>
<!-- Generated by org.testng.reporters.JUnitXMLReporter -->
<testsuite hostname="DESKTOP-42M9JTP" name="Test" tests="1" failures="1" timestamp="30 Sep 2020 05:11:14 GMT" time="17.665" errors="0">
  <testcase name="runScenario" time="16.286" classname="RunTesterClass">
    <failure type="org.openqa.selenium.SessionNotCreatedException" message="session not created
from chrome not reachable
  (Session info: chrome=85.0.4183.121)
Build info: version: &amp;apos;3.141.59&amp;apos;, revision: &amp;apos;e82be7d358&amp;apos;, time: &amp;apos;2018-11-14T08:17:03&amp;apos;
System info: host: &amp;apos;DESKTOP-42M9JTP&amp;apos;, ip: &amp;apos;192.168.43.31&amp;apos;, os.name: &amp;apos;Windows 10&amp;apos;, os.arch: &amp;apos;amd64&amp;apos;, os.version: &amp;apos;10.0&amp;apos;, java.version: &amp;apos;1.8.0_241&amp;apos;
Driver info: driver.version: ChromeDriver
remote stacktrace: Backtrace:
	Ordinal0 [0x00B187E3+2852835]
	Ordinal0 [0x00A05BB1+1727409]
	Ordinal0 [0x008DE362+516962]
	Ordinal0 [0x008D7D82+490882]
	Ordinal0 [0x008D846B+492651]
	Ordinal0 [0x008D93C5+496581]
	Ordinal0 [0x008D4D64+478564]
	Ordinal0 [0x008DF300+520960]
	Ordinal0 [0x0088E489+189577]
	Ordinal0 [0x0088D7FD+186365]
	Ordinal0 [0x0088B70B+177931]
	Ordinal0 [0x00872584+75140]
	Ordinal0 [0x00873650+79440]
	Ordinal0 [0x008735E9+79337]
	Ordinal0 [0x00A1AD5C+1813852]
	GetHandleVerifier [0x00C3C616+1075574]
	GetHandleVerifier [0x00C3C367+1074887]
	GetHandleVerifier [0x00C47497+1120247]
	GetHandleVerifier [0x00C3CC16+1077110]
	Ordinal0 [0x00A13206+1782278]
	Ordinal0 [0x00A1C3BB+1819579]
	Ordinal0 [0x00A1C523+1819939]
	Ordinal0 [0x00A32B45+1911621]
	BaseThreadInitThunk [0x76F06359+25]
	RtlGetAppContainerNamedObjectPath [0x77047C24+228]
	RtlGetAppContainerNamedObjectPath [0x77047BF4+180]
">
      <![CDATA[org.openqa.selenium.SessionNotCreatedException: session not created
from chrome not reachable
  (Session info: chrome=85.0.4183.121)
Build info: version: '3.141.59', revision: 'e82be7d358', time: '2018-11-14T08:17:03'
System info: host: 'DESKTOP-42M9JTP', ip: '192.168.43.31', os.name: 'Windows 10', os.arch: 'amd64', os.version: '10.0', java.version: '1.8.0_241'
Driver info: driver.version: ChromeDriver
remote stacktrace: Backtrace:
	Ordinal0 [0x00B187E3+2852835]
	Ordinal0 [0x00A05BB1+1727409]
	Ordinal0 [0x008DE362+516962]
	Ordinal0 [0x008D7D82+490882]
	Ordinal0 [0x008D846B+492651]
	Ordinal0 [0x008D93C5+496581]
	Ordinal0 [0x008D4D64+478564]
	Ordinal0 [0x008DF300+520960]
	Ordinal0 [0x0088E489+189577]
	Ordinal0 [0x0088D7FD+186365]
	Ordinal0 [0x0088B70B+177931]
	Ordinal0 [0x00872584+75140]
	Ordinal0 [0x00873650+79440]
	Ordinal0 [0x008735E9+79337]
	Ordinal0 [0x00A1AD5C+1813852]
	GetHandleVerifier [0x00C3C616+1075574]
	GetHandleVerifier [0x00C3C367+1074887]
	GetHandleVerifier [0x00C47497+1120247]
	GetHandleVerifier [0x00C3CC16+1077110]
	Ordinal0 [0x00A13206+1782278]
	Ordinal0 [0x00A1C3BB+1819579]
	Ordinal0 [0x00A1C523+1819939]
	Ordinal0 [0x00A32B45+1911621]
	BaseThreadInitThunk [0x76F06359+25]
	RtlGetAppContainerNamedObjectPath [0x77047C24+228]
	RtlGetAppContainerNamedObjectPath [0x77047BF4+180]

	at org.openqa.selenium.remote.W3CHandshakeResponse.lambda$errorHandler$0(W3CHandshakeResponse.java:62)
	at org.openqa.selenium.remote.HandshakeResponse.lambda$getResponseFunction$0(HandshakeResponse.java:30)
	at org.openqa.selenium.remote.ProtocolHandshake.lambda$createSession$0(ProtocolHandshake.java:126)
	at java.util.stream.ReferencePipeline$3$1.accept(ReferencePipeline.java:193)
	at java.util.Spliterators$ArraySpliterator.tryAdvance(Spliterators.java:958)
	at java.util.stream.ReferencePipeline.forEachWithCancel(ReferencePipeline.java:126)
	at java.util.stream.AbstractPipeline.copyIntoWithCancel(AbstractPipeline.java:499)
	at java.util.stream.AbstractPipeline.copyInto(AbstractPipeline.java:486)
	at java.util.stream.AbstractPipeline.wrapAndCopyInto(AbstractPipeline.java:472)
	at java.util.stream.FindOps$FindOp.evaluateSequential(FindOps.java:152)
	at java.util.stream.AbstractPipeline.evaluate(AbstractPipeline.java:234)
	at java.util.stream.ReferencePipeline.findFirst(ReferencePipeline.java:464)
	at org.openqa.selenium.remote.ProtocolHandshake.createSession(ProtocolHandshake.java:128)
	at org.openqa.selenium.remote.ProtocolHandshake.createSession(ProtocolHandshake.java:74)
	at org.openqa.selenium.remote.HttpCommandExecutor.execute(HttpCommandExecutor.java:136)
	at org.openqa.selenium.remote.service.DriverCommandExecutor.execute(DriverCommandExecutor.java:83)
	at org.openqa.selenium.remote.RemoteWebDriver.execute(RemoteWebDriver.java:552)
	at org.openqa.selenium.remote.RemoteWebDriver.startSession(RemoteWebDriver.java:213)
	at org.openqa.selenium.remote.RemoteWebDriver.<init>(RemoteWebDriver.java:131)
	at org.openqa.selenium.chrome.ChromeDriver.<init>(ChromeDriver.java:181)
	at org.openqa.selenium.chrome.ChromeDriver.<init>(ChromeDriver.java:168)
	at org.openqa.selenium.chrome.ChromeDriver.<init>(ChromeDriver.java:123)
	at Stepdef.AmdocxTestSteps.user_Launch_browser(AmdocxTestSteps.java:20)
	at âœ½.User Launch browser--(file:///C:/Users/Ajinkya/Downloads/AjDemonstrate-master/AjDemonstrate-master/Amdocx_test/src/test/java/featurefile/AmdocxTest.feature:5)
... Removed 4 stack frames]]>
    </failure>
  </testcase> <!-- runScenario -->
</testsuite> <!-- Test -->
